Arguments: 
  /usr/local/Cellar/node/14.14.0/bin/node /usr/local/bin/yarn

PATH: 
  /opt/local/bin:/opt/local/sbin:/Library/Frameworks/Python.framework/Versions/3.8/bin:/Library/Frameworks/Python.framework/Versions/3.8/bin:/usr/local/bin:/usr/bin:/bin:/usr/sbin:/sbin:/opt/local/bin:/opt/local/sbin:/Library/Frameworks/Python.framework/Versions/3.8/bin

Yarn version: 
  1.22.10

Node version: 
  14.14.0

Platform: 
  darwin x64

Trace: 
  Error: https://registry.yarnpkg.com/chart-js: Not found
      at Request.params.callback [as _callback] (/usr/local/lib/node_modules/yarn/lib/cli.js:66988:18)
      at Request.self.callback (/usr/local/lib/node_modules/yarn/lib/cli.js:140662:22)
      at Request.emit (events.js:315:20)
      at Request.<anonymous> (/usr/local/lib/node_modules/yarn/lib/cli.js:141634:10)
      at Request.emit (events.js:315:20)
      at IncomingMessage.<anonymous> (/usr/local/lib/node_modules/yarn/lib/cli.js:141556:12)
      at Object.onceWrapper (events.js:421:28)
      at IncomingMessage.emit (events.js:327:22)
      at endReadableNT (_stream_readable.js:1327:12)
      at processTicksAndRejections (internal/process/task_queues.js:80:21)

npm manifest: 
  {
    "name": "eeg-playback-tool",
    "version": "0.1.0",
    "author": "cs495",
    "main": "public/electron.js",
    "description": "EEG Playback Tool",
    "homepage": "./",
    "dependencies": {
      "@neurosity/notion": "^5.1.1",
      "@reach/router": "^1.3.4",
      "chart-js": "^2.9.4",
      "chart.js": "^2.9.4",
      "dotenv": "^8.2.0",
      "electron-is-dev": "^2.0.0",
      "firebase-admin": "^9.5.0",
      "react": "^16.12.0",
      "react-dom": "^16.12.0",
      "react-native-wheel-scroll-picker": "^0.2.4",
      "react-scripts": "^3.4.3",
      "react-use": "^13.21.0"
    },
    "build": {
      "files": [
        "build/**/*",
        "node_modules/**/*"
      ],
      "directories": {
        "buildResources": "assets"
      }
    },
    "scripts": {
      "start": "react-scripts start",
      "build": "react-scripts build",
      "test": "react-scripts test",
      "eject": "react-scripts eject",
      "electron-dev": "concurrently \"cross-env BROWSER=none npm start\" \"wait-on http://localhost:3000 && electron .\"",
      "electron-pack": "electron-builder -c.extraMetadata.main=build/electron.js",
      "preelectron-pack": "react-scripts build"
    },
    "eslintConfig": {
      "extends": "react-app"
    },
    "browserslist": {
      "production": [
        ">0.2%",
        "not dead",
        "not op_mini all"
      ],
      "development": [
        "last 1 chrome version",
        "last 1 firefox version",
        "last 1 safari version"
      ]
    },
    "devDependencies": {
      "concurrently": "^6.0.0",
      "cross": "^1.0.0",
      "cross-env": "^7.0.3",
      "electron": "^12.0.0",
      "electron-builder": "^22.10.5",
      "env": "0.0.2",
      "wait-on": "^5.2.1"
    }
  }

yarn manifest: 
  No manifest

Lockfile: 
  No lockfile
